#
# A fatal error has been detected by the Java Runtime Environment:
#
#  EXCEPTION_ACCESS_VIOLATION (0xc0000005) at pc=0x61f9d35b, pid=9140, tid=2112
#
# JRE version: Java(TM) SE Runtime Environment (7.0_51-b13) (build 1.7.0_51-b13)
# Java VM: Java HotSpot(TM) Client VM (24.51-b03 mixed mode windows-x86 )
# Problematic frame:
# V  [jvm.dll+0xdd35b]
#
# Failed to write core dump. Minidumps are not enabled by default on client versions of Windows
#
# If you would like to submit a bug report, please visit:
#   http://bugreport.sun.com/bugreport/crash.jsp
#

---------------  T H R E A D  ---------------

Current thread (0x1872e400):  JavaThread "JDWP Transport Listener: dt_socket" daemon [_thread_in_vm, id=2112, stack(0x193a0000,0x193f0000)]

siginfo: ExceptionCode=0xc0000005, reading address 0x003b6e6f

Registers:
EAX=0x003b6e6f, EBX=0x00000000, ECX=0x003b6e6f, EDX=0x00000000
ESP=0x193ef9e4, EBP=0x193ef9e8, ESI=0x010470e8, EDI=0x193efac8
EIP=0x61f9d35b, EFLAGS=0x00010206

Top of Stack: (sp=0x193ef9e4)
0x193ef9e4:   010470e8 193efa10 620ce1da 003b6e6f
0x193ef9f4:   193efa4b 1872e400 00000000 00000000
0x193efa04:   00000000 1872e400 1872e400 193efa4c
0x193efa14:   62749d9d 010470e8 003b6e6f 193efa4b
0x193efa24:   003b6e6f 6273436d 003b6e6f 193efa4b
0x193efa34:   00000009 00000000 00000000 0000000a
0x193efa44:   00000000 007282e4 193efa6c 627344e0
0x193efa54:   00000001 193efa88 193efac4 1879d9e0 

Instructions: (pc=0x61f9d35b)
0x61f9d33b:   89 4f 04 8b 56 0c 89 57 08 8b 46 10 89 47 0c 5f
0x61f9d34b:   5e 5d c2 0c 00 55 8b ec 8b 45 08 56 85 c0 74 28
0x61f9d35b:   8b 30 85 f6 74 22 81 fe fe fe fe fe 74 1a 8b 4e
0x61f9d36b:   04 8b 41 08 8b 90 90 00 00 00 83 c1 08 ff d2 84 


Register to memory mapping:

EAX=0x003b6e6f is an unknown value
EBX=0x00000000 is an unknown value
ECX=0x003b6e6f is an unknown value
EDX=0x00000000 is an unknown value
ESP=0x193ef9e4 is pointing into the stack for thread: 0x1872e400
EBP=0x193ef9e8 is pointing into the stack for thread: 0x1872e400
ESI=0x010470e8 is an unknown value
EDI=0x193efac8 is pointing into the stack for thread: 0x1872e400


Stack: [0x193a0000,0x193f0000],  sp=0x193ef9e4,  free space=318k
Native frames: (J=compiled Java code, j=interpreted, Vv=VM code, C=native code)
V  [jvm.dll+0xdd35b]
V  [jvm.dll+0x20e1da]
C  [jdwp.dll+0x19d9d]
C  [jdwp.dll+0x44e0]
C  [jdwp.dll+0x451e]


---------------  P R O C E S S  ---------------

Java Threads: ( => current thread )
  0x18855800 JavaThread "oracle.jdbc.driver.BlockSource.ThreadedCachingBlockSource.BlockReleaser" daemon [_thread_blocked, id=9152, stack(0x19ae0000,0x19b30000)]
  0x1874b800 JavaThread "Service Thread" daemon [_thread_blocked, id=7264, stack(0x19630000,0x19680000)]
  0x18749000 JavaThread "C1 CompilerThread0" daemon [_thread_blocked, id=8748, stack(0x18a80000,0x18ad0000)]
  0x18739c00 JavaThread "JDWP Command Reader" daemon [_thread_in_native, id=9168, stack(0x195b0000,0x19600000)]
  0x18736800 JavaThread "JDWP Event Helper Thread" daemon [_thread_blocked, id=7492, stack(0x19480000,0x194d0000)]
=>0x1872e400 JavaThread "JDWP Transport Listener: dt_socket" daemon [_thread_in_vm, id=2112, stack(0x193a0000,0x193f0000)]
  0x18727000 JavaThread "Attach Listener" daemon [_thread_blocked, id=8988, stack(0x18be0000,0x18c30000)]
  0x18723c00 JavaThread "Signal Dispatcher" daemon [_thread_blocked, id=7348, stack(0x18b60000,0x18bb0000)]
  0x186f6000 JavaThread "Finalizer" daemon [_thread_blocked, id=8260, stack(0x18ae0000,0x18b30000)]
  0x186f1000 JavaThread "Reference Handler" daemon [_thread_blocked, id=8924, stack(0x189f0000,0x18a40000)]
  0x0104c400 JavaThread "main" [_thread_in_native, id=6148, stack(0x01150000,0x011a0000)]

Other Threads:
  0x186efc00 VMThread [stack: 0x00f50000,0x00fa0000] [id=6164]
  0x18755400 WatcherThread [stack: 0x18f70000,0x18fc0000] [id=5060]

VM state:not at safepoint (normal execution)

VM Mutex/Monitor currently owned by a thread: None

Heap
 def new generation   total 4928K, used 4035K [0x046e0000, 0x04c30000, 0x09c30000)
  eden space 4416K,  79% used [0x046e0000, 0x04a50c70, 0x04b30000)
  from space 512K, 100% used [0x04b30000, 0x04bb0000, 0x04bb0000)
  to   space 512K,   0% used [0x04bb0000, 0x04bb0000, 0x04c30000)
 tenured generation   total 10944K, used 4085K [0x09c30000, 0x0a6e0000, 0x146e0000)
   the space 10944K,  37% used [0x09c30000, 0x0a02d790, 0x0a02d800, 0x0a6e0000)
 compacting perm gen  total 12288K, used 8582K [0x146e0000, 0x152e0000, 0x186e0000)
   the space 12288K,  69% used [0x146e0000, 0x14f41a70, 0x14f41c00, 0x152e0000)
No shared spaces configured.

Card table byte_map: [0x01050000,0x01100000] byte_map_base: 0x0102c900

Polling page: 0x00130000

Code Cache  [0x026e0000, 0x027e8000, 0x046e0000)
 total_blobs=432 nmethods=260 adapters=117 free_code_cache=31737Kb largest_free_block=32498688

Compilation events (10 events):
Event: 58.414 Thread 0x18749000  258             java.util.LinkedHashMap$Entry::addBefore (30 bytes)
Event: 58.414 Thread 0x18749000 nmethod 258 0x027de8c8 code [0x027de9c0, 0x027dea90]
Event: 58.414 Thread 0x18749000  259             java.util.LinkedHashMap::addEntry (38 bytes)
Event: 58.415 Thread 0x18749000 nmethod 259 0x027deb48 code [0x027dec60, 0x027ded74]
Event: 58.415 Thread 0x18749000  260             java.util.LinkedHashMap::createEntry (52 bytes)
Event: 58.416 Thread 0x18749000 nmethod 260 0x0278be88 code [0x0278bf90, 0x0278c1b0]
Event: 58.416 Thread 0x18749000  261             java.util.LinkedHashMap$Entry::access$600 (6 bytes)
Event: 58.416 Thread 0x18749000 nmethod 261 0x027dee88 code [0x027def80, 0x027df040]
Event: 207.103 Thread 0x18749000  262             sun.nio.cs.SingleByte$Encoder::encodeArrayLoop (236 bytes)
Event: 207.108 Thread 0x18749000 nmethod 262 0x027df148 code [0x027df4d0, 0x027e011c]

GC Heap History (8 events):
Event: 21.361 GC heap before
{Heap before GC invocations=0 (full 0):
 def new generation   total 4928K, used 4411K [0x046e0000, 0x04c30000, 0x09c30000)
  eden space 4416K,  99% used [0x046e0000, 0x04b2ee78, 0x04b30000)
  from space 512K,   0% used [0x04b30000, 0x04b30000, 0x04bb0000)
  to   space 512K,   0% used [0x04bb0000, 0x04bb0000, 0x04c30000)
 tenured generation   total 10944K, used 0K [0x09c30000, 0x0a6e0000, 0x146e0000)
   the space 10944K,   0% used [0x09c30000, 0x09c30000, 0x09c30200, 0x0a6e0000)
 compacting perm gen  total 12288K, used 3773K [0x146e0000, 0x152e0000, 0x186e0000)
   the space 12288K,  30% used [0x146e0000, 0x14a8f618, 0x14a8f800, 0x152e0000)
No shared spaces configured.
Event: 21.365 GC heap after
Heap after GC invocations=1 (full 0):
 def new generation   total 4928K, used 512K [0x046e0000, 0x04c30000, 0x09c30000)
  eden space 4416K,   0% used [0x046e0000, 0x046e0000, 0x04b30000)
  from space 512K, 100% used [0x04bb0000, 0x04c30000, 0x04c30000)
  to   space 512K,   0% used [0x04b30000, 0x04b30000, 0x04bb0000)
 tenured generation   total 10944K, used 823K [0x09c30000, 0x0a6e0000, 0x146e0000)
   the space 10944K,   7% used [0x09c30000, 0x09cfde00, 0x09cfde00, 0x0a6e0000)
 compacting perm gen  total 12288K, used 3773K [0x146e0000, 0x152e0000, 0x186e0000)
   the space 12288K,  30% used [0x146e0000, 0x14a8f618, 0x14a8f800, 0x152e0000)
No shared spaces configured.
}
Event: 21.540 GC heap before
{Heap before GC invocations=1 (full 0):
 def new generation   total 4928K, used 4928K [0x046e0000, 0x04c30000, 0x09c30000)
  eden space 4416K, 100% used [0x046e0000, 0x04b30000, 0x04b30000)
  from space 512K, 100% used [0x04bb0000, 0x04c30000, 0x04c30000)
  to   space 512K,   0% used [0x04b30000, 0x04b30000, 0x04bb0000)
 tenured generation   total 10944K, used 823K [0x09c30000, 0x0a6e0000, 0x146e0000)
   the space 10944K,   7% used [0x09c30000, 0x09cfde00, 0x09cfde00, 0x0a6e0000)
 compacting perm gen  total 12288K, used 5975K [0x146e0000, 0x152e0000, 0x186e0000)
   the space 12288K,  48% used [0x146e0000, 0x14cb5dc8, 0x14cb5e00, 0x152e0000)
No shared spaces configured.
Event: 21.546 GC heap after
Heap after GC invocations=2 (full 0):
 def new generation   total 4928K, used 512K [0x046e0000, 0x04c30000, 0x09c30000)
  eden space 4416K,   0% used [0x046e0000, 0x046e0000, 0x04b30000)
  from space 512K, 100% used [0x04b30000, 0x04bb0000, 0x04bb0000)
  to   space 512K,   0% used [0x04bb0000, 0x04bb0000, 0x04c30000)
 tenured generation   total 10944K, used 1965K [0x09c30000, 0x0a6e0000, 0x146e0000)
   the space 10944K,  17% used [0x09c30000, 0x09e1b580, 0x09e1b600, 0x0a6e0000)
 compacting perm gen  total 12288K, used 5975K [0x146e0000, 0x152e0000, 0x186e0000)
   the space 12288K,  48% used [0x146e0000, 0x14cb5dc8, 0x14cb5e00, 0x152e0000)
No shared spaces configured.
}
Event: 21.647 GC heap before
{Heap before GC invocations=2 (full 0):
 def new generation   total 4928K, used 4928K [0x046e0000, 0x04c30000, 0x09c30000)
  eden space 4416K, 100% used [0x046e0000, 0x04b30000, 0x04b30000)
  from space 512K, 100% used [0x04b30000, 0x04bb0000, 0x04bb0000)
  to   space 512K,   0% used [0x04bb0000, 0x04bb0000, 0x04c30000)
 tenured generation   total 10944K, used 1965K [0x09c30000, 0x0a6e0000, 0x146e0000)
   the space 10944K,  17% used [0x09c30000, 0x09e1b580, 0x09e1b600, 0x0a6e0000)
 compacting perm gen  total 12288K, used 6848K [0x146e0000, 0x152e0000, 0x186e0000)
   the space 12288K,  55% used [0x146e0000, 0x14d901e0, 0x14d90200, 0x152e0000)
No shared spaces configured.
Event: 21.652 GC heap after
Heap after GC invocations=3 (full 0):
 def new generation   total 4928K, used 511K [0x046e0000, 0x04c30000, 0x09c30000)
  eden space 4416K,   0% used [0x046e0000, 0x046e0000, 0x04b30000)
  from space 512K,  99% used [0x04bb0000, 0x04c2fff8, 0x04c30000)
  to   space 512K,   0% used [0x04b30000, 0x04b30000, 0x04bb0000)
 tenured generation   total 10944K, used 3077K [0x09c30000, 0x0a6e0000, 0x146e0000)
   the space 10944K,  28% used [0x09c30000, 0x09f31658, 0x09f31800, 0x0a6e0000)
 compacting perm gen  total 12288K, used 6848K [0x146e0000, 0x152e0000, 0x186e0000)
   the space 12288K,  55% used [0x146e0000, 0x14d901e0, 0x14d90200, 0x152e0000)
No shared spaces configured.
}
Event: 21.744 GC heap before
{Heap before GC invocations=3 (full 0):
 def new generation   total 4928K, used 4770K [0x046e0000, 0x04c30000, 0x09c30000)
  eden space 4416K,  96% used [0x046e0000, 0x04b08990, 0x04b30000)
  from space 512K,  99% used [0x04bb0000, 0x04c2fff8, 0x04c30000)
  to   space 512K,   0% used [0x04b30000, 0x04b30000, 0x04bb0000)
 tenured generation   total 10944K, used 3077K [0x09c30000, 0x0a6e0000, 0x146e0000)
   the space 10944K,  28% used [0x09c30000, 0x09f31658, 0x09f31800, 0x0a6e0000)
 compacting perm gen  total 12288K, used 7784K [0x146e0000, 0x152e0000, 0x186e0000)
   the space 12288K,  63% used [0x146e0000, 0x14e7a3c0, 0x14e7a400, 0x152e0000)
No shared spaces configured.
Event: 21.748 GC heap after
Heap after GC invocations=4 (full 0):
 def new generation   total 4928K, used 512K [0x046e0000, 0x04c30000, 0x09c30000)
  eden space 4416K,   0% used [0x046e0000, 0x046e0000, 0x04b30000)
  from space 512K, 100% used [0x04b30000, 0x04bb0000, 0x04bb0000)
  to   space 512K,   0% used [0x04bb0000, 0x04bb0000, 0x04c30000)
 tenured generation   total 10944K, used 4085K [0x09c30000, 0x0a6e0000, 0x146e0000)
   the space 10944K,  37% used [0x09c30000, 0x0a02d790, 0x0a02d800, 0x0a6e0000)
 compacting perm gen  total 12288K, used 7784K [0x146e0000, 0x152e0000, 0x186e0000)
   the space 12288K,  63% used [0x146e0000, 0x14e7a3c0, 0x14e7a400, 0x152e0000)
No shared spaces configured.
}

Deoptimization events (0 events):
No events

Internal exceptions (10 events):
Event: 44.167 Thread 0x0104c400 Threw 0x049ec2b8 at C:\re\jdk7u51\527\hotspot\src\share\vm\prims\jvm.cpp:1244
Event: 48.772 Thread 0x0104c400 Threw 0x049f9688 at C:\re\jdk7u51\527\hotspot\src\share\vm\prims\jvm.cpp:1244
Event: 48.775 Thread 0x0104c400 Threw 0x049faf68 at C:\re\jdk7u51\527\hotspot\src\share\vm\prims\jvm.cpp:1244
Event: 170.819 Thread 0x0104c400 Threw 0x04a1ada0 at C:\re\jdk7u51\527\hotspot\src\share\vm\prims\jvm.cpp:1244
Event: 173.224 Thread 0x0104c400 Threw 0x04a1ce08 at C:\re\jdk7u51\527\hotspot\src\share\vm\prims\jvm.cpp:1244
Event: 173.226 Thread 0x0104c400 Threw 0x04a1e998 at C:\re\jdk7u51\527\hotspot\src\share\vm\prims\jvm.cpp:1244
Event: 178.695 Thread 0x0104c400 Threw 0x04a23ca8 at C:\re\jdk7u51\527\hotspot\src\share\vm\prims\jvm.cpp:1244
Event: 179.774 Thread 0x0104c400 Threw 0x04a27470 at C:\re\jdk7u51\527\hotspot\src\share\vm\prims\jvm.cpp:1244
Event: 179.777 Thread 0x0104c400 Threw 0x04a2a568 at C:\re\jdk7u51\527\hotspot\src\share\vm\prims\jvm.cpp:1244
Event: 179.779 Thread 0x0104c400 Threw 0x04a3fa88 at C:\re\jdk7u51\527\hotspot\src\share\vm\prims\jvm.cpp:1244

Events (10 events):
Event: 185.519 Executing VM operation: GetOrSetLocal
Event: 185.520 Executing VM operation: GetOrSetLocal done
Event: 189.280 Executing VM operation: GetOrSetLocal
Event: 189.280 Executing VM operation: GetOrSetLocal done
Event: 321.416 Executing VM operation: RevokeBias
Event: 321.416 Executing VM operation: RevokeBias done
Event: 321.416 Executing VM operation: RevokeBias
Event: 321.416 Executing VM operation: RevokeBias done
Event: 698.628 Executing VM operation: RedefineClasses
Event: 698.630 Executing VM operation: RedefineClasses done


Dynamic libraries:
0x012b0000 - 0x012df000 	C:\Program Files (x86)\Java\jre7\bin\javaw.exe
0x77a00000 - 0x77b80000 	C:\Windows\SysWOW64\ntdll.dll
0x77160000 - 0x77270000 	C:\Windows\syswow64\kernel32.dll
0x76e60000 - 0x76ea7000 	C:\Windows\syswow64\KERNELBASE.dll
0x77480000 - 0x77521000 	C:\Windows\syswow64\ADVAPI32.dll
0x75940000 - 0x759ec000 	C:\Windows\syswow64\msvcrt.dll
0x76fd0000 - 0x76fe9000 	C:\Windows\SysWOW64\sechost.dll
0x76ee0000 - 0x76fd0000 	C:\Windows\syswow64\RPCRT4.dll
0x75370000 - 0x753d0000 	C:\Windows\syswow64\SspiCli.dll
0x75360000 - 0x7536c000 	C:\Windows\syswow64\CRYPTBASE.dll
0x772f0000 - 0x773f0000 	C:\Windows\syswow64\USER32.dll
0x773f0000 - 0x77480000 	C:\Windows\syswow64\GDI32.dll
0x77530000 - 0x7753a000 	C:\Windows\syswow64\LPK.dll
0x770c0000 - 0x7715d000 	C:\Windows\syswow64\USP10.dll
0x6c900000 - 0x6ca9e000 	C:\Windows\WinSxS\x86_microsoft.windows.common-controls_6595b64144ccf1df_6.0.7601.18837_none_41e855142bd5705d\COMCTL32.dll
0x75620000 - 0x75677000 	C:\Windows\syswow64\SHLWAPI.dll
0x77290000 - 0x772f0000 	C:\Windows\system32\IMM32.DLL
0x76ff0000 - 0x770bc000 	C:\Windows\syswow64\MSCTF.dll
0x5cab0000 - 0x5cb6f000 	C:\Program Files (x86)\Java\jre7\bin\msvcr100.dll
0x61ec0000 - 0x62240000 	C:\Program Files (x86)\Java\jre7\bin\client\jvm.dll
0x6cc60000 - 0x6cc67000 	C:\Windows\system32\WSOCK32.dll
0x759f0000 - 0x75a25000 	C:\Windows\syswow64\WS2_32.dll
0x76eb0000 - 0x76eb6000 	C:\Windows\syswow64\NSI.dll
0x701f0000 - 0x70222000 	C:\Windows\system32\WINMM.dll
0x779d0000 - 0x779d5000 	C:\Windows\syswow64\PSAPI.DLL
0x6f820000 - 0x6f82c000 	C:\Program Files (x86)\Java\jre7\bin\verify.dll
0x6f800000 - 0x6f820000 	C:\Program Files (x86)\Java\jre7\bin\java.dll
0x62730000 - 0x6275a000 	C:\Program Files (x86)\Java\jre7\bin\jdwp.dll
0x6f6a0000 - 0x6f6a7000 	C:\Program Files (x86)\Java\jre7\bin\npt.dll
0x6f630000 - 0x6f643000 	C:\Program Files (x86)\Java\jre7\bin\zip.dll
0x62780000 - 0x62788000 	C:\Program Files (x86)\Java\jre7\bin\dt_socket.dll
0x6c7d0000 - 0x6c7e0000 	C:\Windows\system32\NLAapi.dll
0x6c7c0000 - 0x6c7d0000 	C:\Windows\system32\napinsp.dll
0x6c7a0000 - 0x6c7b2000 	C:\Windows\system32\pnrpnsp.dll
0x701b0000 - 0x701ec000 	C:\Windows\System32\mswsock.dll
0x73dd0000 - 0x73e14000 	C:\Windows\system32\DNSAPI.dll
0x738c0000 - 0x738c8000 	C:\Windows\System32\winrnr.dll
0x73890000 - 0x738b1000 	C:\Program Files (x86)\Bonjour\mdnsNSP.dll
0x73870000 - 0x7388c000 	C:\Windows\system32\Iphlpapi.DLL
0x73860000 - 0x73867000 	C:\Windows\system32\WINNSI.DLL
0x72c30000 - 0x72c3d000 	C:\Windows\system32\wshbth.dll
0x72d70000 - 0x72da8000 	C:\Windows\System32\fwpuclnt.dll
0x73160000 - 0x73166000 	C:\Windows\system32\rasadhlp.dll
0x701a0000 - 0x701a5000 	C:\Windows\System32\wshtcpip.dll
0x62770000 - 0x6277a000 	C:\Program Files (x86)\Java\jre7\bin\management.dll
0x6f7d0000 - 0x6f7e4000 	C:\Program Files (x86)\Java\jre7\bin\net.dll
0x700a0000 - 0x700a6000 	C:\Windows\System32\wship6.dll
0x6f7c0000 - 0x6f7cf000 	C:\Program Files (x86)\Java\jre7\bin\nio.dll
0x62250000 - 0x62270000 	C:\Program Files (x86)\Java\jre7\bin\sunec.dll
0x614f0000 - 0x614f9000 	C:\Program Files (x86)\Java\jre7\bin\sunmscapi.dll
0x76810000 - 0x76931000 	C:\Windows\syswow64\CRYPT32.dll
0x75680000 - 0x7568c000 	C:\Windows\syswow64\MSASN1.dll
0x6f420000 - 0x6f437000 	C:\Windows\system32\CRYPTSP.dll
0x6f3e0000 - 0x6f41b000 	C:\Windows\system32\rsaenh.dll
0x769d0000 - 0x769e7000 	C:\Windows\syswow64\USERENV.dll
0x77270000 - 0x7727b000 	C:\Windows\syswow64\profapi.dll
0x73760000 - 0x7384b000 	C:\Windows\system32\dbghelp.dll

VM Arguments:
jvm_args: -agentlib:jdwp=transport=dt_socket,suspend=y,address=localhost:53192 -Dfile.encoding=Cp1252 
java_command: interfaz.Interfaz
Launcher Type: SUN_STANDARD

Environment Variables:
JAVA_HOME=C:\Program Files (x86)\Java\jre7
PATH=C:/Program Files (x86)/Java/jre7/bin/client;C:/Program Files (x86)/Java/jre7/bin;C:/Program Files (x86)/Java/jre7/lib/i386;C:\oraclexe\app\oracle\product\10.2.0\server\bin;c:\Program Files (x86)\Intel\iCLS Client\;c:\Program Files\Intel\iCLS Client\;C:\Program Files\Broadcom\Broadcom 802.11;;C:\Windows\system32;C:\Windows;C:\Windows\System32\Wbem;C:\Windows\System32\WindowsPowerShell\v1.0\;C:\Program Files (x86)\Intel\OpenCL SDK\3.0\bin\x86;C:\Program Files (x86)\Intel\OpenCL SDK\3.0\bin\x64;c:\Program Files\WIDCOMM\Bluetooth Software\;c:\Program Files\WIDCOMM\Bluetooth Software\syswow64;;C:\Program Files\Intel\Intel(R) Management Engine Components\DAL;C:\Program Files\Intel\Intel(R) Management Engine Components\IPT;C:\Program Files (x86)\Intel\Intel(R) Management Engine Components\DAL;C:\Program Files (x86)\Intel\Intel(R) Management Engine Components\IPT;C:\Program Files\Intel\WiFi\bin\;C:\Program Files\Common Files\Intel\WirelessCommon\;C:\Program Files (x86)\Skype\Phone\;C:\WINDOWS;C:\WINDOWS\system32;C:\Program Files (x86)\Java\jre7\bin;C:\eclipse;
USERNAME=andres.vera
OS=Windows_NT
PROCESSOR_IDENTIFIER=Intel64 Family 6 Model 60 Stepping 3, GenuineIntel



---------------  S Y S T E M  ---------------

OS: Windows 7 , 64 bit Build 7601 Service Pack 1

CPU:total 4 (2 cores per cpu, 2 threads per core) family 6 model 60 stepping 3, cmov, cx8, fxsr, mmx, sse, sse2, sse3, ssse3, sse4.1, sse4.2, popcnt, avx, avx2, aes, erms, ht, tsc, tscinvbit

Memory: 4k page, physical 4105328k(938132k free), swap 8208816k(2763340k free)

vm_info: Java HotSpot(TM) Client VM (24.51-b03) for windows-x86 JRE (1.7.0_51-b13), built on Dec 18 2013 19:09:58 by "java_re" with unknown MS VC++:1600

time: Wed May 04 23:40:55 2016
elapsed time: 698 seconds

